<?xml version="1.0" encoding="UTF-8"?>
<!-- Generated by org.testng.reporters.JUnitXMLReporter -->
<testsuite ignored="0" hostname="DESKTOP-F6L6QI8" failures="0" tests="3" name="Default test" time="463.728" errors="0" timestamp="2022-04-07T12:21:02 EDT">
  <testcase classname="jobscrapper.testcases.newtest" name="apiJobSearch" time="104.839"/>
  <testcase classname="jobscrapper.testcases.newtest" name="restassuredJobSearch" time="93.525"/>
  <testcase classname="jobscrapper.testcases.newtest" name="postmanJobSearch" time="257.819"/>
</testsuite> <!-- Default test -->
