<?xml version="1.0" encoding="UTF-8"?>
<testng-results ignored="0" total="1" passed="1" failed="0" skipped="0">
  <reporter-output>
  </reporter-output>
  <suite started-at="2022-04-07T13:35:37 EDT" name="Suite" finished-at="2022-04-07T13:36:55 EDT" duration-ms="78695">
    <groups>
    </groups>
    <test started-at="2022-04-07T13:35:37 EDT" name="Test" finished-at="2022-04-07T13:36:55 EDT" duration-ms="78695">
      <class name="jobscrapper.testcases.newtest">
        <test-method is-config="true" signature="beforeTest()[pri:0, instance:jobscrapper.testcases.newtest@5d43661b]" started-at="2022-04-07T13:35:37 EDT" name="beforeTest" finished-at="2022-04-07T13:35:40 EDT" duration-ms="2918" status="PASS">
          <reporter-output>
          </reporter-output>
        </test-method> <!-- beforeTest -->
        <test-method signature="restassuredJobSearch()[pri:2, instance:jobscrapper.testcases.newtest@5d43661b]" started-at="2022-04-07T13:35:40 EDT" name="restassuredJobSearch" finished-at="2022-04-07T13:36:51 EDT" duration-ms="71472" status="PASS">
          <reporter-output>
          </reporter-output>
        </test-method> <!-- restassuredJobSearch -->
        <test-method is-config="true" signature="afterTest()[pri:0, instance:jobscrapper.testcases.newtest@5d43661b]" started-at="2022-04-07T13:36:51 EDT" name="afterTest" finished-at="2022-04-07T13:36:55 EDT" duration-ms="4213" status="PASS">
          <reporter-output>
          </reporter-output>
        </test-method> <!-- afterTest -->
      </class> <!-- jobscrapper.testcases.newtest -->
    </test> <!-- Test -->
  </suite> <!-- Suite -->
</testng-results>
