<?xml version="1.0" encoding="UTF-8"?>
<testng-results ignored="0" total="1" passed="1" failed="0" skipped="0">
  <reporter-output>
  </reporter-output>
  <suite started-at="2022-04-08T21:41:00 EDT" name="Default suite" finished-at="2022-04-08T21:42:27 EDT" duration-ms="86658">
    <groups>
    </groups>
    <test started-at="2022-04-08T21:41:00 EDT" name="Default test" finished-at="2022-04-08T21:42:27 EDT" duration-ms="86658">
      <class name="jobscrapper.testcases.newtest">
        <test-method is-config="true" signature="beforeTest()[pri:0, instance:jobscrapper.testcases.newtest@7f8a9499]" started-at="2022-04-08T21:41:00 EDT" name="beforeTest" finished-at="2022-04-08T21:41:03 EDT" duration-ms="2753" status="PASS">
          <reporter-output>
          </reporter-output>
        </test-method> <!-- beforeTest -->
        <test-method signature="postmanJobSearch()[pri:3, instance:jobscrapper.testcases.newtest@7f8a9499]" started-at="2022-04-08T21:41:03 EDT" name="postmanJobSearch" finished-at="2022-04-08T21:42:23 EDT" duration-ms="79533" status="PASS">
          <reporter-output>
          </reporter-output>
        </test-method> <!-- postmanJobSearch -->
        <test-method is-config="true" signature="afterTest()[pri:0, instance:jobscrapper.testcases.newtest@7f8a9499]" started-at="2022-04-08T21:42:23 EDT" name="afterTest" finished-at="2022-04-08T21:42:27 EDT" duration-ms="4265" status="PASS">
          <reporter-output>
          </reporter-output>
        </test-method> <!-- afterTest -->
      </class> <!-- jobscrapper.testcases.newtest -->
    </test> <!-- Default test -->
  </suite> <!-- Default suite -->
</testng-results>
